<?xml version="1.0" encoding="UTF-8"?>
<testsuite name="br.com.unifalmg.blog.BlogApplicationTests" tests="1" skipped="0" failures="0" errors="0" timestamp="2023-11-24T17:59:55" hostname="suporte-OptiPlex-3050" time="0.118">
  <properties/>
  <testcase name="contextLoads()" classname="br.com.unifalmg.blog.BlogApplicationTests" time="0.118"/>
  <system-out><![CDATA[14:59:51.621 [Test worker] DEBUG org.springframework.test.context.BootstrapUtils - Instantiating CacheAwareContextLoaderDelegate from class [org.springframework.test.context.cache.DefaultCacheAwareContextLoaderDelegate]
14:59:51.628 [Test worker] DEBUG org.springframework.test.context.BootstrapUtils - Instantiating BootstrapContext using constructor [public org.springframework.test.context.support.DefaultBootstrapContext(java.lang.Class,org.springframework.test.context.CacheAwareContextLoaderDelegate)]
14:59:51.654 [Test worker] DEBUG org.springframework.test.context.BootstrapUtils - Instantiating TestContextBootstrapper for test class [br.com.unifalmg.blog.BlogApplicationTests] from class [org.springframework.boot.test.context.SpringBootTestContextBootstrapper]
14:59:51.661 [Test worker] INFO org.springframework.boot.test.context.SpringBootTestContextBootstrapper - Neither @ContextConfiguration nor @ContextHierarchy found for test class [br.com.unifalmg.blog.BlogApplicationTests], using SpringBootContextLoader
14:59:51.664 [Test worker] DEBUG org.springframework.test.context.support.AbstractContextLoader - Did not detect default resource location for test class [br.com.unifalmg.blog.BlogApplicationTests]: class path resource [br/com/unifalmg/blog/BlogApplicationTests-context.xml] does not exist
14:59:51.664 [Test worker] DEBUG org.springframework.test.context.support.AbstractContextLoader - Did not detect default resource location for test class [br.com.unifalmg.blog.BlogApplicationTests]: class path resource [br/com/unifalmg/blog/BlogApplicationTestsContext.groovy] does not exist
14:59:51.665 [Test worker] INFO org.springframework.test.context.support.AbstractContextLoader - Could not detect default resource locations for test class [br.com.unifalmg.blog.BlogApplicationTests]: no resource found for suffixes {-context.xml, Context.groovy}.
14:59:51.665 [Test worker] INFO org.springframework.test.context.support.AnnotationConfigContextLoaderUtils - Could not detect default configuration classes for test class [br.com.unifalmg.blog.BlogApplicationTests]: BlogApplicationTests does not declare any static, non-private, non-final, nested classes annotated with @Configuration.
14:59:51.691 [Test worker] DEBUG org.springframework.test.context.support.ActiveProfilesUtils - Could not find an 'annotation declaring class' for annotation type [org.springframework.test.context.ActiveProfiles] and class [br.com.unifalmg.blog.BlogApplicationTests]
14:59:51.727 [Test worker] DEBUG org.springframework.context.annotation.ClassPathScanningCandidateComponentProvider - Identified candidate component class: file [/home/2019.1.08.044/IdeaProjects/blog-main/build/classes/java/main/br/com/unifalmg/blog/BlogApplication.class]
14:59:51.728 [Test worker] INFO org.springframework.boot.test.context.SpringBootTestContextBootstrapper - Found @SpringBootConfiguration br.com.unifalmg.blog.BlogApplication for test class br.com.unifalmg.blog.BlogApplicationTests
14:59:51.786 [Test worker] DEBUG org.springframework.boot.test.context.SpringBootTestContextBootstrapper - @TestExecutionListeners is not present for class [br.com.unifalmg.blog.BlogApplicationTests]: using defaults.
14:59:51.787 [Test worker] INFO org.springframework.boot.test.context.SpringBootTestContextBootstrapper - Loaded default TestExecutionListener class names from location [META-INF/spring.factories]: [org.springframework.boot.test.autoconfigure.restdocs.RestDocsTestExecutionListener, org.springframework.boot.test.autoconfigure.web.client.MockRestServiceServerResetTestExecutionListener, org.springframework.boot.test.autoconfigure.web.servlet.MockMvcPrintOnlyOnFailureTestExecutionListener, org.springframework.boot.test.autoconfigure.web.servlet.WebDriverTestExecutionListener, org.springframework.boot.test.autoconfigure.webservices.client.MockWebServiceServerTestExecutionListener, org.springframework.boot.test.mock.mockito.MockitoTestExecutionListener, org.springframework.boot.test.mock.mockito.ResetMocksTestExecutionListener, org.springframework.test.context.web.ServletTestExecutionListener, org.springframework.test.context.support.DirtiesContextBeforeModesTestExecutionListener, org.springframework.test.context.event.ApplicationEventsTestExecutionListener, org.springframework.test.context.support.DependencyInjectionTestExecutionListener, org.springframework.test.context.support.DirtiesContextTestExecutionListener, org.springframework.test.context.transaction.TransactionalTestExecutionListener, org.springframework.test.context.jdbc.SqlScriptsTestExecutionListener, org.springframework.test.context.event.EventPublishingTestExecutionListener]
14:59:51.797 [Test worker] INFO org.springframework.boot.test.context.SpringBootTestContextBootstrapper - Using TestExecutionListeners: [org.springframework.test.context.web.ServletTestExecutionListener@3829ac1, org.springframework.test.context.support.DirtiesContextBeforeModesTestExecutionListener@4baf352a, org.springframework.test.context.event.ApplicationEventsTestExecutionListener@1bb1fde8, org.springframework.boot.test.mock.mockito.MockitoTestExecutionListener@15eebbff, org.springframework.boot.test.autoconfigure.SpringBootDependencyInjectionTestExecutionListener@22d6f11, org.springframework.test.context.support.DirtiesContextTestExecutionListener@30990c1b, org.springframework.test.context.transaction.TransactionalTestExecutionListener@2453f95d, org.springframework.test.context.jdbc.SqlScriptsTestExecutionListener@44828f6b, org.springframework.test.context.event.EventPublishingTestExecutionListener@2dbe250d, org.springframework.boot.test.autoconfigure.restdocs.RestDocsTestExecutionListener@553f1d75, org.springframework.boot.test.autoconfigure.web.client.MockRestServiceServerResetTestExecutionListener@6e1d8f9e, org.springframework.boot.test.autoconfigure.web.servlet.MockMvcPrintOnlyOnFailureTestExecutionListener@3e34ace1, org.springframework.boot.test.autoconfigure.web.servlet.WebDriverTestExecutionListener@62fe6067, org.springframework.boot.test.autoconfigure.webservices.client.MockWebServiceServerTestExecutionListener@4f071df8, org.springframework.boot.test.mock.mockito.ResetMocksTestExecutionListener@4de41af9]
14:59:51.800 [Test worker] DEBUG org.springframework.test.context.support.AbstractDirtiesContextTestExecutionListener - Before test class: context [DefaultTestContext@21aa6d6c testClass = BlogApplicationTests, testInstance = [null], testMethod = [null], testException = [null], mergedContextConfiguration = [WebMergedContextConfiguration@b968a76 testClass = BlogApplicationTests, locations = '{}', classes = '{class br.com.unifalmg.blog.BlogApplication}', contextInitializerClasses = '[]', activeProfiles = '{}', propertySourceLocations = '{}', propertySourceProperties = '{org.springframework.boot.test.context.SpringBootTestContextBootstrapper=true}', contextCustomizers = set[org.springframework.boot.test.autoconfigure.actuate.metrics.MetricsExportContextCustomizerFactory$DisableMetricExportContextCustomizer@600b90df, org.springframework.boot.test.autoconfigure.properties.PropertyMappingContextCustomizer@0, org.springframework.boot.test.autoconfigure.web.servlet.WebDriverContextCustomizerFactory$Customizer@60df60da, org.springframework.boot.test.context.filter.ExcludeFilterContextCustomizer@632ceb35, org.springframework.boot.test.json.DuplicateJsonObjectContextCustomizerFactory$DuplicateJsonObjectContextCustomizer@130e116b, org.springframework.boot.test.mock.mockito.MockitoContextCustomizer@0, org.springframework.boot.test.web.client.TestRestTemplateContextCustomizer@9ebe38b, org.springframework.boot.test.context.SpringBootTestArgs@1, org.springframework.boot.test.context.SpringBootTestWebEnvironment@1018bde2], resourceBasePath = 'src/main/webapp', contextLoader = 'org.springframework.boot.test.context.SpringBootContextLoader', parent = [null]], attributes = map['org.springframework.test.context.web.ServletTestExecutionListener.activateListener' -> true]], class annotated with @DirtiesContext [false] with mode [null].

  .   ____          _            __ _ _
 /\\ / ___'_ __ _ _(_)_ __  __ _ \ \ \ \
( ( )\___ | '_ | '_| | '_ \/ _` | \ \ \ \
 \\/  ___)| |_)| | | | | || (_| |  ) ) ) )
  '  |____| .__|_| |_|_| |_\__, | / / / /
 =========|_|==============|___/=/_/_/_/
 :: Spring Boot ::      (v2.7.18-SNAPSHOT)

2023-11-24 14:59:52.061  INFO 7674 --- [    Test worker] b.c.unifalmg.blog.BlogApplicationTests   : Starting BlogApplicationTests using Java 17.0.8.1 on suporte-OptiPlex-3050 with PID 7674 (started by 2019.1.08.044 in /home/2019.1.08.044/IdeaProjects/blog-main)
2023-11-24 14:59:52.062  INFO 7674 --- [    Test worker] b.c.unifalmg.blog.BlogApplicationTests   : No active profile set, falling back to 1 default profile: "default"
2023-11-24 14:59:52.476  INFO 7674 --- [    Test worker] .s.d.r.c.RepositoryConfigurationDelegate : Bootstrapping Spring Data JPA repositories in DEFAULT mode.
2023-11-24 14:59:52.509  INFO 7674 --- [    Test worker] .s.d.r.c.RepositoryConfigurationDelegate : Finished Spring Data repository scanning in 27 ms. Found 1 JPA repository interfaces.
2023-11-24 14:59:53.129  INFO 7674 --- [    Test worker] com.zaxxer.hikari.HikariDataSource       : HikariPool-1 - Starting...
2023-11-24 14:59:53.262  INFO 7674 --- [    Test worker] com.zaxxer.hikari.HikariDataSource       : HikariPool-1 - Start completed.
2023-11-24 14:59:53.304  INFO 7674 --- [    Test worker] o.hibernate.jpa.internal.util.LogHelper  : HHH000204: Processing PersistenceUnitInfo [name: default]
2023-11-24 14:59:53.337  INFO 7674 --- [    Test worker] org.hibernate.Version                    : HHH000412: Hibernate ORM core version 5.6.15.Final
2023-11-24 14:59:53.488  INFO 7674 --- [    Test worker] o.hibernate.annotations.common.Version   : HCANN000001: Hibernate Commons Annotations {5.1.2.Final}
2023-11-24 14:59:53.563  INFO 7674 --- [    Test worker] org.hibernate.dialect.Dialect            : HHH000400: Using dialect: org.hibernate.dialect.MySQL55Dialect
2023-11-24 14:59:53.951  INFO 7674 --- [    Test worker] o.h.e.t.j.p.i.JtaPlatformInitiator       : HHH000490: Using JtaPlatform implementation: [org.hibernate.engine.transaction.jta.platform.internal.NoJtaPlatform]
2023-11-24 14:59:53.958  INFO 7674 --- [    Test worker] j.LocalContainerEntityManagerFactoryBean : Initialized JPA EntityManagerFactory for persistence unit 'default'
2023-11-24 14:59:54.295  WARN 7674 --- [    Test worker] JpaBaseConfiguration$JpaWebConfiguration : spring.jpa.open-in-view is enabled by default. Therefore, database queries may be performed during view rendering. Explicitly configure spring.jpa.open-in-view to disable this warning
2023-11-24 14:59:54.989  INFO 7674 --- [    Test worker] o.s.b.a.e.web.EndpointLinksResolver      : Exposing 1 endpoint(s) beneath base path '/actuator'
2023-11-24 14:59:55.049  INFO 7674 --- [    Test worker] b.c.unifalmg.blog.BlogApplicationTests   : Started BlogApplicationTests in 3.221 seconds (JVM running for 3.942)
]]></system-out>
  <system-err><![CDATA[]]></system-err>
</testsuite>
